# JRE version: OpenJDK Runtime Environment (11.0.15) (build 11.0.15+0-b2043.56-9505619)
# Java VM: OpenJDK 64-Bit Server VM (11.0.15+0-b2043.56-9505619, mixed mode, tiered, compressed oops, g1 gc, windows-amd64)
Heap:
 garbage-first heap   total 312320K, used 226802K [0x0000000080000000, 0x0000000100000000)
  region size 1024K, 14 young (14336K), 2 survivors (2048K)
 Metaspace       used 112797K, capacity 116427K, committed 116604K, reserved 1150976K
  class space    used 14179K, capacity 15498K, committed 15616K, reserved 1048576K
GC Heap History (20 events):
Event: 96.154 GC heap before
{Heap before GC invocations=47 (full 0):
 garbage-first heap   total 260096K, used 213886K [0x0000000080000000, 0x0000000100000000)
  region size 1024K, 12 young (12288K), 3 survivors (3072K)
 Metaspace       used 107221K, capacity 110743K, committed 110972K, reserved 1144832K
  class space    used 13483K, capacity 14735K, committed 14848K, reserved 1048576K
}
Event: 96.161 GC heap after
{Heap after GC invocations=48 (full 0):
 garbage-first heap   total 260096K, used 205765K [0x0000000080000000, 0x0000000100000000)
  region size 1024K, 1 young (1024K), 1 survivors (1024K)
 Metaspace       used 107221K, capacity 110743K, committed 110972K, reserved 1144832K
  class space    used 13483K, capacity 14735K, committed 14848K, reserved 1048576K
}
Event: 96.401 GC heap before
{Heap before GC invocations=48 (full 0):
 garbage-first heap   total 260096K, used 225221K [0x0000000080000000, 0x0000000100000000)
  region size 1024K, 21 young (21504K), 1 survivors (1024K)
 Metaspace       used 107581K, capacity 111064K, committed 111228K, reserved 1146880K
  class space    used 13541K, capacity 14799K, committed 14848K, reserved 1048576K
}
Event: 96.410 GC heap after
{Heap after GC invocations=49 (full 0):
 garbage-first heap   total 260096K, used 206383K [0x0000000080000000, 0x0000000100000000)
  region size 1024K, 2 young (2048K), 2 survivors (2048K)
 Metaspace       used 107581K, capacity 111064K, committed 111228K, reserved 1146880K
  class space    used 13541K, capacity 14799K, committed 14848K, reserved 1048576K
}
Event: 96.824 GC heap before
{Heap before GC invocations=49 (full 0):
 garbage-first heap   total 260096K, used 225839K [0x0000000080000000, 0x0000000100000000)
  region size 1024K, 22 young (22528K), 2 survivors (2048K)
 Metaspace       used 107990K, capacity 111519K, committed 111868K, reserved 1146880K
  class space    used 13594K, capacity 14864K, committed 14976K, reserved 1048576K
}
Event: 96.832 GC heap after
{Heap after GC invocations=50 (full 0):
 garbage-first heap   total 260096K, used 207212K [0x0000000080000000, 0x0000000100000000)
  region size 1024K, 3 young (3072K), 3 survivors (3072K)
 Metaspace       used 107990K, capacity 111519K, committed 111868K, reserved 1146880K
  class space    used 13594K, capacity 14864K, committed 14976K, reserved 1048576K
}
Event: 96.993 GC heap before
{Heap before GC invocations=51 (full 0):
 garbage-first heap   total 260096K, used 225644K [0x0000000080000000, 0x0000000100000000)
  region size 1024K, 22 young (22528K), 3 survivors (3072K)
 Metaspace       used 108399K, capacity 111903K, committed 112124K, reserved 1146880K
  class space    used 13651K, capacity 14928K, committed 14976K, reserved 1048576K
}
Event: 96.998 GC heap after
{Heap after GC invocations=52 (full 0):
 garbage-first heap   total 260096K, used 208071K [0x0000000080000000, 0x0000000100000000)
  region size 1024K, 2 young (2048K), 2 survivors (2048K)
 Metaspace       used 108399K, capacity 111903K, committed 112124K, reserved 1146880K
  class space    used 13651K, capacity 14928K, committed 14976K, reserved 1048576K
}
Event: 97.117 GC heap before
{Heap before GC invocations=52 (full 0):
 garbage-first heap   total 260096K, used 227527K [0x0000000080000000, 0x0000000100000000)
  region size 1024K, 22 young (22528K), 2 survivors (2048K)
 Metaspace       used 108789K, capacity 112261K, committed 112380K, reserved 1146880K
  class space    used 13705K, capacity 14961K, committed 14976K, reserved 1048576K
}
Event: 97.126 GC heap after
{Heap after GC invocations=53 (full 0):
 garbage-first heap   total 260096K, used 208720K [0x0000000080000000, 0x0000000100000000)
  region size 1024K, 2 young (2048K), 2 survivors (2048K)
 Metaspace       used 108789K, capacity 112261K, committed 112380K, reserved 1146880K
  class space    used 13705K, capacity 14961K, committed 14976K, reserved 1048576K
}
Event: 97.337 GC heap before
{Heap before GC invocations=53 (full 0):
 garbage-first heap   total 260096K, used 227152K [0x0000000080000000, 0x0000000100000000)
  region size 1024K, 21 young (21504K), 2 survivors (2048K)
 Metaspace       used 109196K, capacity 112709K, committed 113020K, reserved 1146880K
  class space    used 13750K, capacity 15025K, committed 15104K, reserved 1048576K
}
Event: 97.343 GC heap after
{Heap after GC invocations=54 (full 0):
 garbage-first heap   total 260096K, used 209453K [0x0000000080000000, 0x0000000100000000)
  region size 1024K, 3 young (3072K), 3 survivors (3072K)
 Metaspace       used 109196K, capacity 112709K, committed 113020K, reserved 1146880K
  class space    used 13750K, capacity 15025K, committed 15104K, reserved 1048576K
}
Event: 97.622 GC heap before
{Heap before GC invocations=55 (full 0):
 garbage-first heap   total 260096K, used 227885K [0x0000000080000000, 0x0000000100000000)
  region size 1024K, 22 young (22528K), 3 survivors (3072K)
 Metaspace       used 109798K, capacity 113285K, committed 113532K, reserved 1148928K
  class space    used 13834K, capacity 15089K, committed 15104K, reserved 1048576K
}
Event: 97.629 GC heap after
{Heap after GC invocations=56 (full 0):
 garbage-first heap   total 260096K, used 210008K [0x0000000080000000, 0x0000000100000000)
  region size 1024K, 2 young (2048K), 2 survivors (2048K)
 Metaspace       used 109798K, capacity 113285K, committed 113532K, reserved 1148928K
  class space    used 13834K, capacity 15089K, committed 15104K, reserved 1048576K
}
Event: 97.707 GC heap before
{Heap before GC invocations=56 (full 0):
 garbage-first heap   total 260096K, used 219224K [0x0000000080000000, 0x0000000100000000)
  region size 1024K, 12 young (12288K), 2 survivors (2048K)
 Metaspace       used 110024K, capacity 113515K, committed 113660K, reserved 1148928K
  class space    used 13857K, capacity 15122K, committed 15232K, reserved 1048576K
}
Event: 97.714 GC heap after
{Heap after GC invocations=57 (full 0):
 garbage-first heap   total 312320K, used 209920K [0x0000000080000000, 0x0000000100000000)
  region size 1024K, 2 young (2048K), 2 survivors (2048K)
 Metaspace       used 110024K, capacity 113515K, committed 113660K, reserved 1148928K
  class space    used 13857K, capacity 15122K, committed 15232K, reserved 1048576K
}
Event: 101.521 GC heap before
{Heap before GC invocations=57 (full 0):
 garbage-first heap   total 312320K, used 253952K [0x0000000080000000, 0x0000000100000000)
  region size 1024K, 46 young (47104K), 2 survivors (2048K)
 Metaspace       used 111881K, capacity 115370K, committed 115580K, reserved 1148928K
  class space    used 14062K, capacity 15359K, committed 15360K, reserved 1048576K
}
Event: 101.530 GC heap after
{Heap after GC invocations=58 (full 0):
 garbage-first heap   total 312320K, used 215832K [0x0000000080000000, 0x0000000100000000)
  region size 1024K, 6 young (6144K), 6 survivors (6144K)
 Metaspace       used 111881K, capacity 115370K, committed 115580K, reserved 1148928K
  class space    used 14062K, capacity 15359K, committed 15360K, reserved 1048576K
}
Event: 102.246 GC heap before
{Heap before GC invocations=59 (full 0):
 garbage-first heap   total 312320K, used 257816K [0x0000000080000000, 0x0000000100000000)
  region size 1024K, 48 young (49152K), 6 survivors (6144K)
 Metaspace       used 112376K, capacity 115952K, committed 116220K, reserved 1150976K
  class space    used 14118K, capacity 15382K, committed 15488K, reserved 1048576K
}
Event: 102.258 GC heap after
{Heap after GC invocations=60 (full 0):
 garbage-first heap   total 312320K, used 216562K [0x0000000080000000, 0x0000000100000000)
  region size 1024K, 2 young (2048K), 2 survivors (2048K)
 Metaspace       used 112376K, capacity 115952K, committed 116220K, reserved 1150976K
  class space    used 14118K, capacity 15382K, committed 15488K, reserved 1048576K
}

